<?xml version="1.0" encoding="utf-8"?><testsuites name="pytest tests"><testsuite name="pytest" errors="0" failures="0" skipped="0" tests="16" time="2.737" timestamp="2026-07-14T22:31:51.907909+03:00" hostname="LMH-L-7092"><testcase classname="backend.tests.integration.test_api" name="test_health_endpoint" time="1.900" /><testcase classname="backend.tests.integration.test_api" name="test_create_user_unauthorized" time="0.062" /><testcase classname="backend.tests.integration.test_api" name="test_openapi_schema" time="0.250" /><testcase classname="backend.tests.unit.test_chunker" name="test_chunk_basic" time="0.003" /><testcase classname="backend.tests.unit.test_chunker" name="test_chunk_short_text" time="0.005" /><testcase classname="backend.tests.unit.test_chunker" name="test_chunk_empty_text" time="0.002" /><testcase classname="backend.tests.unit.test_safety" name="test_safe_message" time="0.002" /><testcase classname="backend.tests.unit.test_safety" name="test_prompt_injection_blocked" time="0.002" /><testcase classname="backend.tests.unit.test_safety" name="test_jailbreak_blocked" time="0.002" /><testcase classname="backend.tests.unit.test_settings" name="test_normalize_postgres_database_url" time="0.051" /><testcase classname="backend.tests.unit.test_settings" name="test_normalize_legacy_postgres_database_url" time="0.045" /><testcase classname="backend.tests.unit.test_users" name="test_email_valid" time="0.002" /><testcase classname="backend.tests.unit.test_users" name="test_email_invalid" time="0.002" /><testcase classname="backend.tests.unit.test_users" name="test_user_create_emits_created_event" time="0.002" /><testcase classname="backend.tests.unit.test_users" name="test_user_deactivate_emits_event" time="0.003" /><testcase classname="backend.tests.unit.test_users" name="test_user_update" time="0.034" /></testsuite></testsuites>