<?xml version="1.0" encoding="utf-8"?><testsuites name="pytest tests"><testsuite name="pytest" errors="0" failures="0" skipped="0" tests="18" time="3.770" timestamp="2026-07-15T01:17:14.254277+03:00" hostname="LMH-L-7092"><testcase classname="backend.tests.integration.test_api" name="test_health_endpoint" time="0.622" /><testcase classname="backend.tests.integration.test_api" name="test_create_user_unauthorized" time="0.040" /><testcase classname="backend.tests.integration.test_api" name="test_openapi_schema" time="0.161" /><testcase classname="backend.tests.unit.test_chunker" name="test_chunk_basic" time="0.002" /><testcase classname="backend.tests.unit.test_chunker" name="test_chunk_short_text" time="0.002" /><testcase classname="backend.tests.unit.test_chunker" name="test_chunk_empty_text" time="0.001" /><testcase classname="backend.tests.unit.test_create_admin" name="test_build_or_update_admin_user_creates_active_admin" time="1.239" /><testcase classname="backend.tests.unit.test_create_admin" name="test_build_or_update_admin_user_repairs_existing_admin" time="1.258" /><testcase classname="backend.tests.unit.test_safety" name="test_safe_message" time="0.001" /><testcase classname="backend.tests.unit.test_safety" name="test_prompt_injection_blocked" time="0.001" /><testcase classname="backend.tests.unit.test_safety" name="test_jailbreak_blocked" time="0.001" /><testcase classname="backend.tests.unit.test_settings" name="test_normalize_postgres_database_url" time="0.030" /><testcase classname="backend.tests.unit.test_settings" name="test_normalize_legacy_postgres_database_url" time="0.022" /><testcase classname="backend.tests.unit.test_users" name="test_email_valid" time="0.001" /><testcase classname="backend.tests.unit.test_users" name="test_email_invalid" time="0.002" /><testcase classname="backend.tests.unit.test_users" name="test_user_create_emits_created_event" time="0.003" /><testcase classname="backend.tests.unit.test_users" name="test_user_deactivate_emits_event" time="0.002" /><testcase classname="backend.tests.unit.test_users" name="test_user_update" time="0.027" /></testsuite></testsuites>